<?xml version="1.0" encoding="UTF-8"?>
<testng-results ignored="0" total="1" passed="1" failed="0" skipped="0">
  <reporter-output>
  </reporter-output>
  <suite started-at="2025-05-10T12:40:48 IST" name="Default suite" finished-at="2025-05-10T12:41:06 IST" duration-ms="18057">
    <groups>
      <group name="cucumber">
        <method signature="AbstractTestNGCucumberTests.runScenario(io.cucumber.testng.PickleWrapper,io.cucumber.testng.FeatureWrapper)[pri:0, instance:runner.cucumberwh@d35dea7]" name="runScenario" class="io.cucumber.testng.AbstractTestNGCucumberTests"/>
      </group> <!-- cucumber -->
    </groups>
    <test started-at="2025-05-10T12:40:48 IST" name="Default test" finished-at="2025-05-10T12:41:06 IST" duration-ms="18057">
      <class name="runner.cucumberwh">
        <test-method is-config="true" signature="setUpClass(org.testng.ITestContext)[pri:0, instance:runner.cucumberwh@d35dea7]" started-at="2025-05-10T12:40:48 IST" name="setUpClass" finished-at="2025-05-10T12:40:48 IST" duration-ms="221" status="PASS">
          <params>
            <param index="0">
              <value>
                <![CDATA[org.testng.TestRunner@3b96c42e]]>
              </value>
            </param>
          </params>
          <reporter-output>
          </reporter-output>
        </test-method> <!-- setUpClass -->
        <test-method signature="runScenario(io.cucumber.testng.PickleWrapper,io.cucumber.testng.FeatureWrapper)[pri:0, instance:runner.cucumberwh@d35dea7]" started-at="2025-05-10T12:40:48 IST" name="runScenario" description="Runs Cucumber Scenarios" data-provider="scenarios" finished-at="2025-05-10T12:41:06 IST" duration-ms="17778" status="PASS">
          <params>
            <param index="0">
              <value>
                <![CDATA["TC01 JOBS record"]]>
              </value>
            </param>
            <param index="1">
              <value>
                <![CDATA["Create job page with Automation in orange HRM"]]>
              </value>
            </param>
          </params>
          <reporter-output>
          </reporter-output>
        </test-method> <!-- runScenario -->
        <test-method is-config="true" signature="tearDownClass()[pri:0, instance:runner.cucumberwh@d35dea7]" started-at="2025-05-10T12:41:06 IST" name="tearDownClass" finished-at="2025-05-10T12:41:06 IST" duration-ms="13" status="PASS">
          <reporter-output>
          </reporter-output>
        </test-method> <!-- tearDownClass -->
      </class> <!-- runner.cucumberwh -->
    </test> <!-- Default test -->
  </suite> <!-- Default suite -->
</testng-results>
